<?xml version="1.0" encoding="UTF-8"?>
<testng-results ignored="0" total="4" passed="3" failed="1" skipped="0">
  <reporter-output>
  </reporter-output>
  <suite started-at="2022-08-30T16:48:37 IST" name="TestSuite" finished-at="2022-08-30T16:52:25 IST" duration-ms="227918">
    <groups>
    </groups>
    <test started-at="2022-08-30T16:48:37 IST" name="Chrometest" finished-at="2022-08-30T16:52:25 IST" duration-ms="227918">
      <class name="com.frame.qa.sampleTestcases.StoreHomePageTest">
        <test-method is-config="true" signature="SettingReportEnv()[pri:0, instance:com.frame.qa.sampleTestcases.StoreHomePageTest@3dedb4a6]" started-at="2022-08-30T16:48:37 IST" name="SettingReportEnv" finished-at="2022-08-30T16:48:37 IST" duration-ms="459" status="PASS">
          <reporter-output>
          </reporter-output>
        </test-method> <!-- SettingReportEnv -->
        <test-method is-config="true" signature="initialization(java.lang.String,java.lang.String,org.testng.ITestResult)[pri:0, instance:com.frame.qa.sampleTestcases.StoreHomePageTest@3dedb4a6]" started-at="2022-08-30T16:48:37 IST" name="initialization" finished-at="2022-08-30T16:48:42 IST" duration-ms="4482" status="PASS">
          <params>
            <param index="0">
              <value>
                <![CDATA[web]]>
              </value>
            </param>
            <param index="1">
              <value>
                <![CDATA[Chrome]]>
              </value>
            </param>
            <param index="2">
              <value>
                <![CDATA[[TestResult name={null} status=CREATED method=StoreHomePageTest.selectWomenCatagory()[pri:1, instance:com.frame.qa.sampleTestcases.StoreHomePageTest@3dedb4a6] output={null}]]]>
              </value>
            </param>
          </params>
          <reporter-output>
          </reporter-output>
        </test-method> <!-- initialization -->
        <test-method is-config="true" signature="setUp()[pri:0, instance:com.frame.qa.sampleTestcases.StoreHomePageTest@3dedb4a6]" started-at="2022-08-30T16:48:42 IST" name="setUp" finished-at="2022-08-30T16:48:42 IST" duration-ms="83" status="PASS">
          <reporter-output>
          </reporter-output>
        </test-method> <!-- setUp -->
        <test-method signature="selectWomenCatagory()[pri:1, instance:com.frame.qa.sampleTestcases.StoreHomePageTest@3dedb4a6]" started-at="2022-08-30T16:48:42 IST" name="selectWomenCatagory" finished-at="2022-08-30T16:48:49 IST" duration-ms="6820" status="PASS">
          <reporter-output>
          </reporter-output>
        </test-method> <!-- selectWomenCatagory -->
        <test-method is-config="true" signature="tearDown(org.testng.ITestResult)[pri:0, instance:com.frame.qa.sampleTestcases.StoreHomePageTest@3dedb4a6]" started-at="2022-08-30T16:48:49 IST" name="tearDown" finished-at="2022-08-30T16:48:49 IST" duration-ms="52" status="PASS">
          <params>
            <param index="0">
              <value>
                <![CDATA[[TestResult name=selectWomenCatagory status=SUCCESS method=StoreHomePageTest.selectWomenCatagory()[pri:1, instance:com.frame.qa.sampleTestcases.StoreHomePageTest@3dedb4a6] output={null}]]]>
              </value>
            </param>
          </params>
          <reporter-output>
          </reporter-output>
        </test-method> <!-- tearDown -->
        <test-method is-config="true" signature="initialization(java.lang.String,java.lang.String,org.testng.ITestResult)[pri:0, instance:com.frame.qa.sampleTestcases.StoreHomePageTest@3dedb4a6]" started-at="2022-08-30T16:48:49 IST" name="initialization" finished-at="2022-08-30T16:49:05 IST" duration-ms="16313" status="PASS">
          <params>
            <param index="0">
              <value>
                <![CDATA[web]]>
              </value>
            </param>
            <param index="1">
              <value>
                <![CDATA[Chrome]]>
              </value>
            </param>
            <param index="2">
              <value>
                <![CDATA[[TestResult name={null} status=CREATED method=StoreHomePageTest.SearchProduct()[pri:2, instance:com.frame.qa.sampleTestcases.StoreHomePageTest@3dedb4a6] output={null}]]]>
              </value>
            </param>
          </params>
          <reporter-output>
          </reporter-output>
        </test-method> <!-- initialization -->
        <test-method is-config="true" signature="setUp()[pri:0, instance:com.frame.qa.sampleTestcases.StoreHomePageTest@3dedb4a6]" started-at="2022-08-30T16:49:05 IST" name="setUp" finished-at="2022-08-30T16:49:05 IST" duration-ms="6" status="PASS">
          <reporter-output>
          </reporter-output>
        </test-method> <!-- setUp -->
        <test-method signature="SearchProduct()[pri:2, instance:com.frame.qa.sampleTestcases.StoreHomePageTest@3dedb4a6]" started-at="2022-08-30T16:49:05 IST" name="SearchProduct" finished-at="2022-08-30T16:50:09 IST" duration-ms="64144" status="FAIL">
          <exception class="org.openqa.selenium.ScriptTimeoutException">
            <message>
              <![CDATA[script timeout
  (Session info: chrome=91.0.4472.77)
Build info: version: '4.1.3', revision: '7b1ebf28ef'
System info: host: 'LTILBOM20101350', ip: '192.168.1.101', os.name: 'Windows 10', os.arch: 'amd64', os.version: '10.0', java.version: '16.0.1'
Driver info: org.openqa.selenium.remote.RemoteWebDriver
Command: [e92dfe2994cc63f906abdca287415b12, executeScript {script=return document.readyState, args=[]}]
Capabilities {acceptInsecureCerts: true, browserName: chrome, browserVersion: 91.0.4472.77, chrome: {chromedriverVersion: 91.0.4472.19 (1bf021f248676..., userDataDir: /tmp/.com.google.Chrome.QGJfGR}, goog:chromeOptions: {debuggerAddress: localhost:35721}, javascriptEnabled: true, networkConnectionEnabled: false, pageLoadStrategy: none, platform: LINUX, platformName: LINUX, proxy: Proxy(), setWindowRect: true, strictFileInteractability: false, timeouts: {implicit: 0, pageLoad: 300000, script: 30000}, unhandledPromptBehavior: dismiss and notify, webauthn:extension:largeBlob: true, webauthn:virtualAuthenticators: true, webdriver.remote.sessionid: e92dfe2994cc63f906abdca2874...}
Session ID: e92dfe2994cc63f906abdca287415b12]]>
            </message>
            <full-stacktrace>
              <![CDATA[org.openqa.selenium.ScriptTimeoutException: script timeout
  (Session info: chrome=91.0.4472.77)
Build info: version: '4.1.3', revision: '7b1ebf28ef'
System info: host: 'LTILBOM20101350', ip: '192.168.1.101', os.name: 'Windows 10', os.arch: 'amd64', os.version: '10.0', java.version: '16.0.1'
Driver info: org.openqa.selenium.remote.RemoteWebDriver
Command: [e92dfe2994cc63f906abdca287415b12, executeScript {script=return document.readyState, args=[]}]
Capabilities {acceptInsecureCerts: true, browserName: chrome, browserVersion: 91.0.4472.77, chrome: {chromedriverVersion: 91.0.4472.19 (1bf021f248676..., userDataDir: /tmp/.com.google.Chrome.QGJfGR}, goog:chromeOptions: {debuggerAddress: localhost:35721}, javascriptEnabled: true, networkConnectionEnabled: false, pageLoadStrategy: none, platform: LINUX, platformName: LINUX, proxy: Proxy(), setWindowRect: true, strictFileInteractability: false, timeouts: {implicit: 0, pageLoad: 300000, script: 30000}, unhandledPromptBehavior: dismiss and notify, webauthn:extension:largeBlob: true, webauthn:virtualAuthenticators: true, webdriver.remote.sessionid: e92dfe2994cc63f906abdca2874...}
Session ID: e92dfe2994cc63f906abdca287415b12
at java.base/jdk.internal.reflect.NativeConstructorAccessorImpl.newInstance0(Native Method)
at java.base/jdk.internal.reflect.NativeConstructorAccessorImpl.newInstance(NativeConstructorAccessorImpl.java:78)
at java.base/jdk.internal.reflect.DelegatingConstructorAccessorImpl.newInstance(DelegatingConstructorAccessorImpl.java:45)
at java.base/java.lang.reflect.Constructor.newInstanceWithCaller(Constructor.java:499)
at java.base/java.lang.reflect.Constructor.newInstance(Constructor.java:480)
at org.openqa.selenium.remote.codec.w3c.W3CHttpResponseCodec.createException(W3CHttpResponseCodec.java:200)
at org.openqa.selenium.remote.codec.w3c.W3CHttpResponseCodec.decode(W3CHttpResponseCodec.java:133)
at org.openqa.selenium.remote.codec.w3c.W3CHttpResponseCodec.decode(W3CHttpResponseCodec.java:53)
at org.openqa.selenium.remote.HttpCommandExecutor.execute(HttpCommandExecutor.java:184)
at org.openqa.selenium.remote.TracedCommandExecutor.execute(TracedCommandExecutor.java:51)
at org.openqa.selenium.remote.RemoteWebDriver.execute(RemoteWebDriver.java:567)
at org.openqa.selenium.remote.RemoteWebDriver.executeScript(RemoteWebDriver.java:501)
at com.frame.qa.wrappers.BaseMethod$5.apply(BaseMethod.java:558)
at com.frame.qa.wrappers.BaseMethod$5.apply(BaseMethod.java:1)
at org.openqa.selenium.support.ui.FluentWait.until(FluentWait.java:208)
at com.frame.qa.wrappers.BaseMethod.waitForJSandJQueryToLoad(BaseMethod.java:563)
at com.frame.qa.wrappers.BaseMethod.sendKeys(BaseMethod.java:356)
at com.frame.qa.webpages.StoreHomePage.searchProduct(StoreHomePage.java:107)
at com.frame.qa.sampleTestcases.StoreHomePageTest.SearchProduct(StoreHomePageTest.java:49)
at java.base/jdk.internal.reflect.NativeMethodAccessorImpl.invoke0(Native Method)
at java.base/jdk.internal.reflect.NativeMethodAccessorImpl.invoke(NativeMethodAccessorImpl.java:78)
at java.base/jdk.internal.reflect.DelegatingMethodAccessorImpl.invoke(DelegatingMethodAccessorImpl.java:43)
at java.base/java.lang.reflect.Method.invoke(Method.java:567)
at org.testng.internal.MethodInvocationHelper.invokeMethod(MethodInvocationHelper.java:133)
at org.testng.internal.TestInvoker.invokeMethod(TestInvoker.java:598)
at org.testng.internal.TestInvoker.invokeTestMethod(TestInvoker.java:173)
at org.testng.internal.MethodRunner.runInSequence(MethodRunner.java:46)
at org.testng.internal.TestInvoker$MethodInvocationAgent.invoke(TestInvoker.java:824)
at org.testng.internal.TestInvoker.invokeTestMethods(TestInvoker.java:146)
at org.testng.internal.TestMethodWorker.invokeTestMethods(TestMethodWorker.java:146)
at org.testng.internal.TestMethodWorker.run(TestMethodWorker.java:128)
at java.base/java.util.ArrayList.forEach(ArrayList.java:1511)
at org.testng.TestRunner.privateRun(TestRunner.java:794)
at org.testng.TestRunner.run(TestRunner.java:596)
at org.testng.SuiteRunner.runTest(SuiteRunner.java:377)
at org.testng.SuiteRunner.runSequentially(SuiteRunner.java:371)
at org.testng.SuiteRunner.privateRun(SuiteRunner.java:332)
at org.testng.SuiteRunner.run(SuiteRunner.java:276)
at org.testng.SuiteRunnerWorker.runSuite(SuiteRunnerWorker.java:53)
at org.testng.SuiteRunnerWorker.run(SuiteRunnerWorker.java:96)
at org.testng.TestNG.runSuitesSequentially(TestNG.java:1212)
at org.testng.TestNG.runSuitesLocally(TestNG.java:1134)
at org.testng.TestNG.runSuites(TestNG.java:1063)
at org.testng.TestNG.run(TestNG.java:1031)
at org.testng.remote.AbstractRemoteTestNG.run(AbstractRemoteTestNG.java:115)
at org.testng.remote.RemoteTestNG.initAndRun(RemoteTestNG.java:251)
at org.testng.remote.RemoteTestNG.main(RemoteTestNG.java:77)
]]>
            </full-stacktrace>
          </exception> <!-- org.openqa.selenium.ScriptTimeoutException -->
          <reporter-output>
          </reporter-output>
        </test-method> <!-- SearchProduct -->
        <test-method is-config="true" signature="tearDown(org.testng.ITestResult)[pri:0, instance:com.frame.qa.sampleTestcases.StoreHomePageTest@3dedb4a6]" started-at="2022-08-30T16:50:09 IST" name="tearDown" finished-at="2022-08-30T16:50:11 IST" duration-ms="1462" status="PASS">
          <params>
            <param index="0">
              <value>
                <![CDATA[[TestResult name=SearchProduct status=FAILURE method=StoreHomePageTest.SearchProduct()[pri:2, instance:com.frame.qa.sampleTestcases.StoreHomePageTest@3dedb4a6] output={null}]]]>
              </value>
            </param>
          </params>
          <reporter-output>
          </reporter-output>
        </test-method> <!-- tearDown -->
        <test-method is-config="true" signature="initialization(java.lang.String,java.lang.String,org.testng.ITestResult)[pri:0, instance:com.frame.qa.sampleTestcases.StoreHomePageTest@3dedb4a6]" started-at="2022-08-30T16:50:11 IST" name="initialization" finished-at="2022-08-30T16:50:43 IST" duration-ms="32536" status="PASS">
          <params>
            <param index="0">
              <value>
                <![CDATA[web]]>
              </value>
            </param>
            <param index="1">
              <value>
                <![CDATA[Chrome]]>
              </value>
            </param>
            <param index="2">
              <value>
                <![CDATA[[TestResult name={null} status=CREATED method=StoreHomePageTest.selectLanguange()[pri:3, instance:com.frame.qa.sampleTestcases.StoreHomePageTest@3dedb4a6] output={null}]]]>
              </value>
            </param>
          </params>
          <reporter-output>
          </reporter-output>
        </test-method> <!-- initialization -->
        <test-method is-config="true" signature="setUp()[pri:0, instance:com.frame.qa.sampleTestcases.StoreHomePageTest@3dedb4a6]" started-at="2022-08-30T16:50:43 IST" name="setUp" finished-at="2022-08-30T16:50:43 IST" duration-ms="7" status="PASS">
          <reporter-output>
          </reporter-output>
        </test-method> <!-- setUp -->
        <test-method signature="selectLanguange()[pri:3, instance:com.frame.qa.sampleTestcases.StoreHomePageTest@3dedb4a6]" started-at="2022-08-30T16:50:43 IST" name="selectLanguange" finished-at="2022-08-30T16:50:48 IST" duration-ms="4941" status="PASS">
          <reporter-output>
          </reporter-output>
        </test-method> <!-- selectLanguange -->
        <test-method is-config="true" signature="tearDown(org.testng.ITestResult)[pri:0, instance:com.frame.qa.sampleTestcases.StoreHomePageTest@3dedb4a6]" started-at="2022-08-30T16:50:48 IST" name="tearDown" finished-at="2022-08-30T16:50:48 IST" duration-ms="109" status="PASS">
          <params>
            <param index="0">
              <value>
                <![CDATA[[TestResult name=selectLanguange status=SUCCESS method=StoreHomePageTest.selectLanguange()[pri:3, instance:com.frame.qa.sampleTestcases.StoreHomePageTest@3dedb4a6] output={null}]]]>
              </value>
            </param>
          </params>
          <reporter-output>
          </reporter-output>
        </test-method> <!-- tearDown -->
        <test-method is-config="true" signature="initialization(java.lang.String,java.lang.String,org.testng.ITestResult)[pri:0, instance:com.frame.qa.sampleTestcases.StoreHomePageTest@3dedb4a6]" started-at="2022-08-30T16:50:48 IST" name="initialization" finished-at="2022-08-30T16:51:25 IST" duration-ms="36498" status="PASS">
          <params>
            <param index="0">
              <value>
                <![CDATA[web]]>
              </value>
            </param>
            <param index="1">
              <value>
                <![CDATA[Chrome]]>
              </value>
            </param>
            <param index="2">
              <value>
                <![CDATA[[TestResult name={null} status=CREATED method=StoreHomePageTest.productCheckout()[pri:4, instance:com.frame.qa.sampleTestcases.StoreHomePageTest@3dedb4a6] output={null}]]]>
              </value>
            </param>
          </params>
          <reporter-output>
          </reporter-output>
        </test-method> <!-- initialization -->
        <test-method is-config="true" signature="setUp()[pri:0, instance:com.frame.qa.sampleTestcases.StoreHomePageTest@3dedb4a6]" started-at="2022-08-30T16:51:25 IST" name="setUp" finished-at="2022-08-30T16:51:25 IST" duration-ms="7" status="PASS">
          <reporter-output>
          </reporter-output>
        </test-method> <!-- setUp -->
        <test-method signature="productCheckout()[pri:4, instance:com.frame.qa.sampleTestcases.StoreHomePageTest@3dedb4a6]" started-at="2022-08-30T16:51:25 IST" name="productCheckout" finished-at="2022-08-30T16:52:25 IST" duration-ms="60249" status="PASS">
          <reporter-output>
          </reporter-output>
        </test-method> <!-- productCheckout -->
        <test-method is-config="true" signature="tearDown(org.testng.ITestResult)[pri:0, instance:com.frame.qa.sampleTestcases.StoreHomePageTest@3dedb4a6]" started-at="2022-08-30T16:52:25 IST" name="tearDown" finished-at="2022-08-30T16:52:25 IST" duration-ms="115" status="PASS">
          <params>
            <param index="0">
              <value>
                <![CDATA[[TestResult name=productCheckout status=SUCCESS method=StoreHomePageTest.productCheckout()[pri:4, instance:com.frame.qa.sampleTestcases.StoreHomePageTest@3dedb4a6] output={null}]]]>
              </value>
            </param>
          </params>
          <reporter-output>
          </reporter-output>
        </test-method> <!-- tearDown -->
        <test-method is-config="true" signature="TearDownReportEnv()[pri:0, instance:com.frame.qa.sampleTestcases.StoreHomePageTest@3dedb4a6]" started-at="2022-08-30T16:52:25 IST" name="TearDownReportEnv" finished-at="2022-08-30T16:52:26 IST" duration-ms="534" status="PASS">
          <reporter-output>
          </reporter-output>
        </test-method> <!-- TearDownReportEnv -->
      </class> <!-- com.frame.qa.sampleTestcases.StoreHomePageTest -->
    </test> <!-- Chrometest -->
  </suite> <!-- TestSuite -->
</testng-results>
