<?xml version="1.0" encoding="UTF-8"?>
<!-- Generated by org.testng.reporters.JUnitXMLReporter -->
<testsuite ignored="0" hostname="LTILBOM20101350" failures="1" tests="4" name="Chrometest" time="227.918" errors="0" timestamp="2022-08-30T16:52:25 IST">
  <testcase classname="com.frame.qa.sampleTestcases.StoreHomePageTest" name="selectWomenCatagory" time="6.82"/>
  <testcase classname="com.frame.qa.sampleTestcases.StoreHomePageTest" name="SearchProduct" time="64.144">
    <failure type="org.openqa.selenium.ScriptTimeoutException" message="script timeout
  (Session info: chrome=91.0.4472.77)
Build info: version: &amp;apos;4.1.3&amp;apos;, revision: &amp;apos;7b1ebf28ef&amp;apos;
System info: host: &amp;apos;LTILBOM20101350&amp;apos;, ip: &amp;apos;192.168.1.101&amp;apos;, os.name: &amp;apos;Windows 10&amp;apos;, os.arch: &amp;apos;amd64&amp;apos;, os.version: &amp;apos;10.0&amp;apos;, java.version: &amp;apos;16.0.1&amp;apos;
Driver info: org.openqa.selenium.remote.RemoteWebDriver
Command: [e92dfe2994cc63f906abdca287415b12, executeScript {script=return document.readyState, args=[]}]
Capabilities {acceptInsecureCerts: true, browserName: chrome, browserVersion: 91.0.4472.77, chrome: {chromedriverVersion: 91.0.4472.19 (1bf021f248676..., userDataDir: /tmp/.com.google.Chrome.QGJfGR}, goog:chromeOptions: {debuggerAddress: localhost:35721}, javascriptEnabled: true, networkConnectionEnabled: false, pageLoadStrategy: none, platform: LINUX, platformName: LINUX, proxy: Proxy(), setWindowRect: true, strictFileInteractability: false, timeouts: {implicit: 0, pageLoad: 300000, script: 30000}, unhandledPromptBehavior: dismiss and notify, webauthn:extension:largeBlob: true, webauthn:virtualAuthenticators: true, webdriver.remote.sessionid: e92dfe2994cc63f906abdca2874...}
Session ID: e92dfe2994cc63f906abdca287415b12">
      <![CDATA[org.openqa.selenium.ScriptTimeoutException: script timeout
  (Session info: chrome=91.0.4472.77)
Build info: version: '4.1.3', revision: '7b1ebf28ef'
System info: host: 'LTILBOM20101350', ip: '192.168.1.101', os.name: 'Windows 10', os.arch: 'amd64', os.version: '10.0', java.version: '16.0.1'
Driver info: org.openqa.selenium.remote.RemoteWebDriver
Command: [e92dfe2994cc63f906abdca287415b12, executeScript {script=return document.readyState, args=[]}]
Capabilities {acceptInsecureCerts: true, browserName: chrome, browserVersion: 91.0.4472.77, chrome: {chromedriverVersion: 91.0.4472.19 (1bf021f248676..., userDataDir: /tmp/.com.google.Chrome.QGJfGR}, goog:chromeOptions: {debuggerAddress: localhost:35721}, javascriptEnabled: true, networkConnectionEnabled: false, pageLoadStrategy: none, platform: LINUX, platformName: LINUX, proxy: Proxy(), setWindowRect: true, strictFileInteractability: false, timeouts: {implicit: 0, pageLoad: 300000, script: 30000}, unhandledPromptBehavior: dismiss and notify, webauthn:extension:largeBlob: true, webauthn:virtualAuthenticators: true, webdriver.remote.sessionid: e92dfe2994cc63f906abdca2874...}
Session ID: e92dfe2994cc63f906abdca287415b12
at org.openqa.selenium.remote.codec.w3c.W3CHttpResponseCodec.createException(W3CHttpResponseCodec.java:200)
at org.openqa.selenium.remote.codec.w3c.W3CHttpResponseCodec.decode(W3CHttpResponseCodec.java:133)
at org.openqa.selenium.remote.codec.w3c.W3CHttpResponseCodec.decode(W3CHttpResponseCodec.java:53)
at org.openqa.selenium.remote.HttpCommandExecutor.execute(HttpCommandExecutor.java:184)
at org.openqa.selenium.remote.TracedCommandExecutor.execute(TracedCommandExecutor.java:51)
at org.openqa.selenium.remote.RemoteWebDriver.execute(RemoteWebDriver.java:567)
at org.openqa.selenium.remote.RemoteWebDriver.executeScript(RemoteWebDriver.java:501)
at com.frame.qa.wrappers.BaseMethod$5.apply(BaseMethod.java:558)
at com.frame.qa.wrappers.BaseMethod$5.apply(BaseMethod.java:1)
at org.openqa.selenium.support.ui.FluentWait.until(FluentWait.java:208)
at com.frame.qa.wrappers.BaseMethod.waitForJSandJQueryToLoad(BaseMethod.java:563)
at com.frame.qa.wrappers.BaseMethod.sendKeys(BaseMethod.java:356)
at com.frame.qa.webpages.StoreHomePage.searchProduct(StoreHomePage.java:107)
at com.frame.qa.sampleTestcases.StoreHomePageTest.SearchProduct(StoreHomePageTest.java:49)
at java.base/java.util.ArrayList.forEach(ArrayList.java:1511)
... Removed 32 stack frames]]>
    </failure>
  </testcase> <!-- SearchProduct -->
  <testcase classname="com.frame.qa.sampleTestcases.StoreHomePageTest" name="selectLanguange" time="4.941"/>
  <testcase classname="com.frame.qa.sampleTestcases.StoreHomePageTest" name="productCheckout" time="60.249"/>
</testsuite> <!-- Chrometest -->
